<?xml version="1.0" encoding="UTF-8"?>
<!-- Generated by org.testng.reporters.JUnitXMLReporter -->
<testsuite hostname="LAPTOP-NSQ9SMM0" ignored="0" name="Test2" tests="1" failures="1" timestamp="21 Feb 2020 17:55:01 GMT" time="15.954" errors="0">
  <testcase name="TC_newUserCreation" time="4.727" classname="com.yourLogo.testCases.checkNewUserCreation">
    <failure type="java.lang.AssertionError" message="User account creation page is not displayed">
      <![CDATA[java.lang.AssertionError: User account creation page is not displayed
at com.yourLogo.testCases.checkNewUserCreation.TC_newUserCreation(checkNewUserCreation.java:54)
... Removed 26 stack frames]]>
    </failure>
  </testcase> <!-- TC_newUserCreation -->
</testsuite> <!-- Test2 -->
