<?xml version="1.0" encoding="UTF-8"?>
<testng-results skipped="0" failed="1" ignored="0" total="2" passed="1">
  <reporter-output>
  </reporter-output>
  <suite name="Suite" duration-ms="36474" started-at="2020-02-19T18:20:33 CST" finished-at="2020-02-19T18:21:09 CST">
    <groups>
    </groups>
    <test name="Test1" duration-ms="16298" started-at="2020-02-19T18:20:33 CST" finished-at="2020-02-19T18:20:49 CST">
      <class name="testCases.checkEmailRegistration">
        <test-method status="PASS" signature="TC_ApplicationLaunch()[pri:0, instance:testCases.checkEmailRegistration@6c80d78a]" name="TC_ApplicationLaunch" is-config="true" duration-ms="11044" started-at="2020-02-19T18:20:33 CST" finished-at="2020-02-19T18:20:44 CST">
          <reporter-output>
          </reporter-output>
        </test-method> <!-- TC_ApplicationLaunch -->
        <test-method status="PASS" signature="TC_emailCheck()[pri:0, instance:testCases.checkEmailRegistration@6c80d78a]" name="TC_emailCheck" duration-ms="5171" started-at="2020-02-19T18:20:44 CST" finished-at="2020-02-19T18:20:49 CST">
          <reporter-output>
          </reporter-output>
        </test-method> <!-- TC_emailCheck -->
        <test-method status="PASS" signature="closeApp()[pri:0, instance:testCases.checkEmailRegistration@6c80d78a]" name="closeApp" is-config="true" duration-ms="58" started-at="2020-02-19T18:20:49 CST" finished-at="2020-02-19T18:20:49 CST">
          <reporter-output>
          </reporter-output>
        </test-method> <!-- closeApp -->
      </class> <!-- testCases.checkEmailRegistration -->
    </test> <!-- Test1 -->
    <test name="Test2" duration-ms="20150" started-at="2020-02-19T18:20:49 CST" finished-at="2020-02-19T18:21:09 CST">
      <class name="testCases.checkNewUserCreation">
        <test-method status="PASS" signature="TC_ApplicationLaunch()[pri:0, instance:testCases.checkNewUserCreation@79924b]" name="TC_ApplicationLaunch" is-config="true" duration-ms="10723" started-at="2020-02-19T18:20:49 CST" finished-at="2020-02-19T18:21:00 CST">
          <reporter-output>
          </reporter-output>
        </test-method> <!-- TC_ApplicationLaunch -->
        <test-method status="FAIL" signature="TC_newUserCreation()[pri:0, instance:testCases.checkNewUserCreation@79924b]" name="TC_newUserCreation" duration-ms="9369" started-at="2020-02-19T18:21:00 CST" finished-at="2020-02-19T18:21:09 CST">
          <exception class="org.openqa.selenium.NoSuchElementException">
            <message>
              <![CDATA[no such element: Unable to locate element: {"method":"css selector","selector":"#uniform\-id_gender1"}
  (Session info: chrome=79.0.3945.130)
For documentation on this error, please visit: https://www.seleniumhq.org/exceptions/no_such_element.html
Build info: version: '4.0.0-alpha-3', revision: '8c567de6dc'
System info: host: 'LAPTOP-NSQ9SMM0', ip: '192.168.1.98', os.name: 'Windows 10', os.arch: 'amd64', os.version: '10.0', java.version: '1.8.0_241'
Driver info: org.openqa.selenium.chrome.ChromeDriver
Capabilities {acceptInsecureCerts: false, browserName: chrome, browserVersion: 79.0.3945.130, chrome: {chromedriverVersion: 79.0.3945.36 (3582db32b3389..., userDataDir: C:\Users\kali_\AppData\Loca...}, goog:chromeOptions: {debuggerAddress: localhost:62340}, javascriptEnabled: true, networkConnectionEnabled: false, pageLoadStrategy: normal, platform: WINDOWS, platformName: WINDOWS, proxy: Proxy(), setWindowRect: true, strictFileInteractability: false, timeouts: {implicit: 0, pageLoad: 300000, script: 30000}, unhandledPromptBehavior: dismiss and notify}
Session ID: 08a0b0545777cf23e9a998dbdfd4ecb5
*** Element info: {Using=id, value=uniform-id_gender1}]]>
            </message>
            <full-stacktrace>
              <![CDATA[org.openqa.selenium.NoSuchElementException: no such element: Unable to locate element: {"method":"css selector","selector":"#uniform\-id_gender1"}
  (Session info: chrome=79.0.3945.130)
For documentation on this error, please visit: https://www.seleniumhq.org/exceptions/no_such_element.html
Build info: version: '4.0.0-alpha-3', revision: '8c567de6dc'
System info: host: 'LAPTOP-NSQ9SMM0', ip: '192.168.1.98', os.name: 'Windows 10', os.arch: 'amd64', os.version: '10.0', java.version: '1.8.0_241'
Driver info: org.openqa.selenium.chrome.ChromeDriver
Capabilities {acceptInsecureCerts: false, browserName: chrome, browserVersion: 79.0.3945.130, chrome: {chromedriverVersion: 79.0.3945.36 (3582db32b3389..., userDataDir: C:\Users\kali_\AppData\Loca...}, goog:chromeOptions: {debuggerAddress: localhost:62340}, javascriptEnabled: true, networkConnectionEnabled: false, pageLoadStrategy: normal, platform: WINDOWS, platformName: WINDOWS, proxy: Proxy(), setWindowRect: true, strictFileInteractability: false, timeouts: {implicit: 0, pageLoad: 300000, script: 30000}, unhandledPromptBehavior: dismiss and notify}
Session ID: 08a0b0545777cf23e9a998dbdfd4ecb5
*** Element info: {Using=id, value=uniform-id_gender1}
at sun.reflect.NativeConstructorAccessorImpl.newInstance0(Native Method)
at sun.reflect.NativeConstructorAccessorImpl.newInstance(NativeConstructorAccessorImpl.java:62)
at sun.reflect.DelegatingConstructorAccessorImpl.newInstance(DelegatingConstructorAccessorImpl.java:45)
at java.lang.reflect.Constructor.newInstance(Constructor.java:423)
at org.openqa.selenium.remote.codec.w3c.W3CHttpResponseCodec.createException(W3CHttpResponseCodec.java:191)
at org.openqa.selenium.remote.codec.w3c.W3CHttpResponseCodec.decode(W3CHttpResponseCodec.java:125)
at org.openqa.selenium.remote.codec.w3c.W3CHttpResponseCodec.decode(W3CHttpResponseCodec.java:52)
at org.openqa.selenium.remote.HttpCommandExecutor.execute(HttpCommandExecutor.java:161)
at org.openqa.selenium.remote.service.DriverCommandExecutor.execute(DriverCommandExecutor.java:83)
at org.openqa.selenium.remote.RemoteWebDriver.execute(RemoteWebDriver.java:576)
at org.openqa.selenium.remote.RemoteWebDriver.findElement(RemoteWebDriver.java:327)
at org.openqa.selenium.remote.RemoteWebDriver.findElementById(RemoteWebDriver.java:375)
at org.openqa.selenium.By$ById.findElement(By.java:196)
at org.openqa.selenium.remote.RemoteWebDriver.findElement(RemoteWebDriver.java:319)
at org.openqa.selenium.support.pagefactory.DefaultElementLocator.findElement(DefaultElementLocator.java:70)
at org.openqa.selenium.support.pagefactory.internal.LocatingElementHandler.invoke(LocatingElementHandler.java:39)
at com.sun.proxy.$Proxy11.click(Unknown Source)
at pageObjects.CreateUserAccount.createAnAccount(CreateUserAccount.java:36)
at testCases.checkNewUserCreation.TC_newUserCreation(checkNewUserCreation.java:42)
at sun.reflect.NativeMethodAccessorImpl.invoke0(Native Method)
at sun.reflect.NativeMethodAccessorImpl.invoke(NativeMethodAccessorImpl.java:62)
at sun.reflect.DelegatingMethodAccessorImpl.invoke(DelegatingMethodAccessorImpl.java:43)
at java.lang.reflect.Method.invoke(Method.java:498)
at org.testng.internal.MethodInvocationHelper.invokeMethod(MethodInvocationHelper.java:134)
at org.testng.internal.TestInvoker.invokeMethod(TestInvoker.java:597)
at org.testng.internal.TestInvoker.invokeTestMethod(TestInvoker.java:173)
at org.testng.internal.MethodRunner.runInSequence(MethodRunner.java:46)
at org.testng.internal.TestInvoker$MethodInvocationAgent.invoke(TestInvoker.java:816)
at org.testng.internal.TestInvoker.invokeTestMethods(TestInvoker.java:146)
at org.testng.internal.TestMethodWorker.invokeTestMethods(TestMethodWorker.java:146)
at org.testng.internal.TestMethodWorker.run(TestMethodWorker.java:128)
at java.util.ArrayList.forEach(ArrayList.java:1257)
at org.testng.TestRunner.privateRun(TestRunner.java:766)
at org.testng.TestRunner.run(TestRunner.java:587)
at org.testng.SuiteRunner.runTest(SuiteRunner.java:384)
at org.testng.SuiteRunner.runSequentially(SuiteRunner.java:378)
at org.testng.SuiteRunner.privateRun(SuiteRunner.java:337)
at org.testng.SuiteRunner.run(SuiteRunner.java:286)
at org.testng.SuiteRunnerWorker.runSuite(SuiteRunnerWorker.java:53)
at org.testng.SuiteRunnerWorker.run(SuiteRunnerWorker.java:96)
at org.testng.TestNG.runSuitesSequentially(TestNG.java:1187)
at org.testng.TestNG.runSuitesLocally(TestNG.java:1109)
at org.testng.TestNG.runSuites(TestNG.java:1039)
at org.testng.TestNG.run(TestNG.java:1007)
at org.apache.maven.surefire.testng.TestNGExecutor.run(TestNGExecutor.java:283)
at org.apache.maven.surefire.testng.TestNGXmlTestSuite.execute(TestNGXmlTestSuite.java:75)
at org.apache.maven.surefire.testng.TestNGProvider.invoke(TestNGProvider.java:120)
at org.apache.maven.surefire.booter.ForkedBooter.runSuitesInProcess(ForkedBooter.java:377)
at org.apache.maven.surefire.booter.ForkedBooter.execute(ForkedBooter.java:138)
at org.apache.maven.surefire.booter.ForkedBooter.run(ForkedBooter.java:465)
at org.apache.maven.surefire.booter.ForkedBooter.main(ForkedBooter.java:451)
]]>
            </full-stacktrace>
          </exception> <!-- org.openqa.selenium.NoSuchElementException -->
          <reporter-output>
          </reporter-output>
        </test-method> <!-- TC_newUserCreation -->
        <test-method status="PASS" signature="closeApp()[pri:0, instance:testCases.checkNewUserCreation@79924b]" name="closeApp" is-config="true" duration-ms="51" started-at="2020-02-19T18:21:09 CST" finished-at="2020-02-19T18:21:09 CST">
          <reporter-output>
          </reporter-output>
        </test-method> <!-- closeApp -->
      </class> <!-- testCases.checkNewUserCreation -->
    </test> <!-- Test2 -->
  </suite> <!-- Suite -->
</testng-results>
